
===========================================================================
Model "Plaat" exists. Name "Plaat_1" used instead.
===========================================================================

===========================================================================
Model "Sensorhuis" exists. Name "Sensorhuis_1" used instead.
===========================================================================

===========================================================================
Model "Body8" exists. Name "Body8_1" used instead.
===========================================================================

===========================================================================
Model "Rechter_ledhouder" exists. Name "Rechter_ledhouder_1" used instead.
===========================================================================

===========================================================================
Model "Pinplaatje" exists. Name "Pinplaatje_1" used instead.
===========================================================================

===========================================================================
Model "Bovenste_Soldeergat" exists. Name "Bovenste_Soldeergat_1" used instead.
===========================================================================

===========================================================================
Model "Onderste_Soldeergat" exists. Name "Onderste_Soldeergat_1" used instead.
===========================================================================

===========================================================================
Model "Pin1" exists. Name "Pin1_1" used instead.
===========================================================================

===========================================================================
Model "Pin2" exists. Name "Pin2_1" used instead.
===========================================================================

===========================================================================
Model "Pin3" exists. Name "Pin3_1" used instead.
===========================================================================

===========================================================================
Model "Body10" exists. Name "Body10_1" used instead.
===========================================================================

===========================================================================
Model "Rechter_led" exists. Name "Rechter_led_1" used instead.
===========================================================================

===========================================================================
Model "Body13" exists. Name "Body13_1" used instead.
===========================================================================

===========================================================================
Model "Body14" exists. Name "Body14_1" used instead.
===========================================================================

===========================================================================
Model "Body15" exists. Name "Body15_1" used instead.
===========================================================================

===========================================================================
Model "Body16" exists. Name "Body16_1" used instead.
===========================================================================

===========================================================================
Model "Body21" exists. Name "Body21_1" used instead.
===========================================================================

===========================================================================
Model "Body22" exists. Name "Body22_1" used instead.
===========================================================================

===========================================================================
Model "Body23" exists. Name "Body23_1" used instead.
===========================================================================

===========================================================================
Model "AM2302" exists. Name "AM2302_1" used instead.
===========================================================================
