WdgMtb: ACCESS ModeSwitch@CHAMFER is AVAILABLE (CB)
WdgMtb: ACCESS AddSet@SetPopupMenu@CHAMFER is AVAILABLE (CB)
WdgMtb: ACCESS DeleteSet@SetPopupMenu@CHAMFER is invisible (UI)
WdgMtb: ACCESS ModeSwitch@CHAMFER is AVAILABLE (CB)
WdgMtb: ACCESS AddSet@SetPopupMenu@CHAMFER is AVAILABLE (CB)
WdgMtb: ACCESS DeleteSet@SetPopupMenu@CHAMFER is invisible (UI)
WdgMtb: ACCESS ModeSwitch@CHAMFER is AVAILABLE (CB)
WdgMtb: ACCESS AddSet@SetPopupMenu@CHAMFER is AVAILABLE (CB)
WdgMtb: ACCESS DeleteSet@SetPopupMenu@CHAMFER is invisible (UI)
WdgMtb: ACCESS ModeSwitch@CHAMFER is AVAILABLE (CB)
WdgMtb: ACCESS AddSet@SetPopupMenu@CHAMFER is AVAILABLE (CB)
WdgMtb: ACCESS DeleteSet@SetPopupMenu@CHAMFER is invisible (UI)
WdgMtb: ACCESS ModeSwitch@CHAMFER is AVAILABLE (CB)
WdgMtb: ACCESS AddSet@SetPopupMenu@CHAMFER is AVAILABLE (CB)
WdgMtb: ACCESS DeleteSet@SetPopupMenu@CHAMFER is invisible (UI)
WdgMtb: ACCESS DimenSch@CHAMFER is AVAILABLE (CB)
WdgMtb: ACCESS DimenSch@CHAMFER is AVAILABLE (CB)
WdgMtb: ACCESS DimenSch@CHAMFER is AVAILABLE (CB)
WdgMtb: ACCESS DimenSch@CHAMFER is AVAILABLE (CB)
WdgMtb: ACCESS D1xD2_flip@CHAMFER is unavailable (CB)
WdgMtb: ACCESS DimenSch@CHAMFER is AVAILABLE (CB)
WdgMtb: ACCESS D1xD2_flip@CHAMFER is unavailable (CB)
WdgMtb: ACCESS DimenSch@CHAMFER is AVAILABLE (CB)
WdgMtb: ACCESS D1xD2_flip@CHAMFER is unavailable (CB)
WdgMtb: ACCESS DimenSch@CHAMFER is AVAILABLE (CB)
WdgMtb: ACCESS D1xD2_flip@CHAMFER is unavailable (CB)
WdgMtb: ACCESS shp_str_hole_to_dep_typ_omnu@HOLE is AVAILABLE (CB)
WdgMtb: ACCESS shp_str_hole_to_dep_typ_omnu@HOLE is AVAILABLE (CB)
WdgMtb: ACCESS shp_str_hole_to_dep_typ_omnu@HOLE is AVAILABLE (CB)
WdgMtb: ACCESS shp_str_hole_to_dep_typ_omnu@HOLE is AVAILABLE (CB)
WdgMtb: ACCESS shp_str_hole_to_dep_typ_omnu@HOLE is AVAILABLE (CB)
WdgMtb: ACCESS shp_str_hole_to_dep_typ_omnu@HOLE is AVAILABLE (CB)
WdgMtb: ACCESS shp_str_hole_to_dep_typ_omnu@HOLE is AVAILABLE (CB)
WdgMtb: ACCESS shp_str_hole_to_dep_typ_omnu@HOLE is AVAILABLE (CB)
WdgMtb: ACCESS shp_str_hole_to_dep_typ_omnu@HOLE is AVAILABLE (CB)
WdgMtb: ACCESS shp_str_hole_to_dep_typ_omnu@HOLE is AVAILABLE (CB)
WdgMtb: ACCESS shp_str_hole_to_dep_typ_omnu@HOLE is AVAILABLE (CB)
WdgMtb: ACCESS shp_str_hole_to_dep_typ_omnu@HOLE is AVAILABLE (CB)
WdgMtb: ACCESS shp_str_hole_to_dep_typ_omnu@HOLE is AVAILABLE (CB)
WdgMtb: ACCESS shp_str_hole_to_dep_typ_omnu@HOLE is AVAILABLE (CB)
WdgMtb: ACCESS shp_str_hole_to_dep_typ_omnu@HOLE is AVAILABLE (CB)
WdgMtb: ACCESS shp_str_hole_to_dep_typ_omnu@HOLE is AVAILABLE (CB)
WdgMtb: ACCESS shp_str_hole_to_dep_typ_omnu@HOLE is AVAILABLE (CB)
WdgMtb: ACCESS shp_str_hole_to_dep_typ_omnu@HOLE is AVAILABLE (CB)
WdgMtb: ACCESS shp_str_hole_to_dep_typ_omnu@HOLE is AVAILABLE (CB)
WdgMtb: ACCESS ui_pat_type_rgcmd@ui_pat_type@PATTERNHEAD is AVAILABLE (CB)
WdgMtb: ACCESS DefineRmbBtn@ui_pat_dim_menu@PATTERNHEAD is invisible (UI)
WdgMtb: ACCESS SketchRmbBtn@ui_pat_dim_menu@PATTERNHEAD is invisible (UI)
WdgMtb: ACCESS ui_pat_type_rgcmd@ui_pat_type@PATTERNHEAD is AVAILABLE (CB)
WdgMtb: ACCESS DefineRmbBtn@ui_pat_dim_menu@PATTERNHEAD is invisible (UI)
WdgMtb: ACCESS SketchRmbBtn@ui_pat_dim_menu@PATTERNHEAD is invisible (UI)
WdgMtb: ACCESS ui_pat_type_rgcmd@ui_pat_type@PATTERNHEAD is AVAILABLE (CB)
WdgMtb: ACCESS DefineRmbBtn@ui_pat_dim_menu@PATTERNHEAD is invisible (UI)
WdgMtb: ACCESS SketchRmbBtn@ui_pat_dim_menu@PATTERNHEAD is invisible (UI)
WdgMtb: ACCESS ui_pat_type_rgcmd@ui_pat_type@PATTERNHEAD is AVAILABLE (CB)
WdgMtb: ACCESS DefineRmbBtn@ui_pat_dim_menu@PATTERNHEAD is invisible (UI)
WdgMtb: ACCESS SketchRmbBtn@ui_pat_dim_menu@PATTERNHEAD is invisible (UI)
WdgMtb: ACCESS ui_pat_type_rgcmd@ui_pat_type@PATTERNHEAD is AVAILABLE (CB)
WdgMtb: ACCESS DefineRmbBtn@ui_pat_dim_menu@PATTERNHEAD is invisible (UI)
WdgMtb: ACCESS SketchRmbBtn@ui_pat_dim_menu@PATTERNHEAD is invisible (UI)
WdgMtb: ACCESS ui_pat_type_rgcmd@ui_pat_type@PATTERNHEAD is AVAILABLE (CB)
WdgMtb: ACCESS DefineRmbBtn@ui_pat_dim_menu@PATTERNHEAD is invisible (UI)
WdgMtb: ACCESS SketchRmbBtn@ui_pat_dim_menu@PATTERNHEAD is invisible (UI)
WdgMtb: ACCESS ui_pat_type_rgcmd@ui_pat_type@PATTERNHEAD is AVAILABLE (CB)
WdgMtb: ACCESS DefineRmbBtn@ui_pat_dim_menu@PATTERNHEAD is invisible (UI)
WdgMtb: ACCESS SketchRmbBtn@ui_pat_dim_menu@PATTERNHEAD is invisible (UI)
WdgMtb: ACCESS ui_pat_type_rgcmd@ui_pat_type@PATTERNHEAD is AVAILABLE (CB)
WdgMtb: ACCESS DefineRmbBtn@ui_pat_dim_menu@PATTERNHEAD is invisible (UI)
WdgMtb: ACCESS SketchRmbBtn@ui_pat_dim_menu@PATTERNHEAD is invisible (UI)
WdgMtb: ACCESS ui_pat_type_rgcmd@ui_pat_type@PATTERNHEAD is AVAILABLE (CB)
WdgMtb: ACCESS DefineRmbBtn@ui_pat_dim_menu@PATTERNHEAD is invisible (UI)
WdgMtb: ACCESS SketchRmbBtn@ui_pat_dim_menu@PATTERNHEAD is invisible (UI)
WdgMtb: ACCESS ui_pat_type_rgcmd@ui_pat_type@PATTERNHEAD is AVAILABLE (CB)
WdgMtb: ACCESS DefineRmbBtn@ui_pat_dim_menu@PATTERNHEAD is invisible (UI)
WdgMtb: ACCESS SketchRmbBtn@ui_pat_dim_menu@PATTERNHEAD is invisible (UI)
WdgMtb: ACCESS ui_pat_type_rgcmd@ui_pat_type@PATTERNHEAD is AVAILABLE (CB)
WdgMtb: ACCESS DefineRmbBtn@ui_pat_dim_menu@PATTERNHEAD is invisible (UI)
WdgMtb: ACCESS SketchRmbBtn@ui_pat_dim_menu@PATTERNHEAD is invisible (UI)
WdgMtb: ACCESS ui_pat_type_rgcmd@ui_pat_type@PATTERNHEAD is AVAILABLE (CB)
WdgMtb: ACCESS DefineRmbBtn@ui_pat_dim_menu@PATTERNHEAD is invisible (UI)
WdgMtb: ACCESS SketchRmbBtn@ui_pat_dim_menu@PATTERNHEAD is invisible (UI)
WdgMtb: ACCESS ui_pat_type_rgcmd@ui_pat_type@PATTERNHEAD is AVAILABLE (CB)
WdgMtb: ACCESS DefineRmbBtn@ui_pat_dim_menu@PATTERNHEAD is invisible (UI)
WdgMtb: ACCESS SketchRmbBtn@ui_pat_dim_menu@PATTERNHEAD is invisible (UI)
WdgMtb: ACCESS ui_pat_type_rgcmd@ui_pat_type@PATTERNHEAD is AVAILABLE (CB)
WdgMtb: ACCESS DefineRmbBtn@ui_pat_dim_menu@PATTERNHEAD is invisible (UI)
WdgMtb: ACCESS SketchRmbBtn@ui_pat_dim_menu@PATTERNHEAD is invisible (UI)
WdgMtb: ACCESS ui_pat_type_rgcmd@ui_pat_type@PATTERNHEAD is AVAILABLE (CB)
WdgMtb: ACCESS DefineRmbBtn@ui_pat_dim_menu@PATTERNHEAD is invisible (UI)
WdgMtb: ACCESS SketchRmbBtn@ui_pat_dim_menu@PATTERNHEAD is invisible (UI)
WdgMtb: ACCESS ui_pat_type_rgcmd@ui_pat_type@PATTERNHEAD is AVAILABLE (CB)
WdgMtb: ACCESS DefineRmbBtn@ui_pat_dim_menu@PATTERNHEAD is invisible (UI)
WdgMtb: ACCESS SketchRmbBtn@ui_pat_dim_menu@PATTERNHEAD is invisible (UI)
WdgMtb: ACCESS ui_pat_type_rgcmd@ui_pat_type@PATTERNHEAD is AVAILABLE (CB)
WdgMtb: ACCESS DefineRmbBtn@ui_pat_dim_menu@PATTERNHEAD is invisible (UI)
WdgMtb: ACCESS SketchRmbBtn@ui_pat_dim_menu@PATTERNHEAD is invisible (UI)
WdgMtb: ACCESS ui_pat_type_rgcmd@ui_pat_type@PATTERNHEAD is AVAILABLE (CB)
WdgMtb: ACCESS DefineRmbBtn@ui_pat_dim_menu@PATTERNHEAD is invisible (UI)
WdgMtb: ACCESS SketchRmbBtn@ui_pat_dim_menu@PATTERNHEAD is invisible (UI)
WdgMtb: ACCESS ui_pat_type_rgcmd@ui_pat_type@PATTERNHEAD is AVAILABLE (CB)
WdgMtb: ACCESS DefineRmbBtn@ui_pat_dim_menu@PATTERNHEAD is invisible (UI)
WdgMtb: ACCESS SketchRmbBtn@ui_pat_dim_menu@PATTERNHEAD is invisible (UI)
WdgMtb: ACCESS ui_pat_type_rgcmd@ui_pat_type@PATTERNHEAD is AVAILABLE (CB)
WdgMtb: ACCESS DefineRmbBtn@ui_pat_dim_menu@PATTERNHEAD is invisible (UI)
WdgMtb: ACCESS SketchRmbBtn@ui_pat_dim_menu@PATTERNHEAD is invisible (UI)
WdgMtb: ACCESS ui_pat_type_rgcmd@ui_pat_type@PATTERNHEAD is AVAILABLE (CB)
WdgMtb: ACCESS DefineRmbBtn@ui_pat_dim_menu@PATTERNHEAD is invisible (UI)
WdgMtb: ACCESS SketchRmbBtn@ui_pat_dim_menu@PATTERNHEAD is invisible (UI)
WdgMtb: ACCESS ui_pat_type_rgcmd@ui_pat_type@PATTERNHEAD is AVAILABLE (CB)
WdgMtb: ACCESS DefineRmbBtn@ui_pat_dim_menu@PATTERNHEAD is invisible (UI)
WdgMtb: ACCESS SketchRmbBtn@ui_pat_dim_menu@PATTERNHEAD is invisible (UI)
WdgMtb: ACCESS ui_pat_type_rgcmd@ui_pat_type@PATTERNHEAD is AVAILABLE (CB)
WdgMtb: ACCESS DefineRmbBtn@ui_pat_dim_menu@PATTERNHEAD is invisible (UI)
WdgMtb: ACCESS SketchRmbBtn@ui_pat_dim_menu@PATTERNHEAD is invisible (UI)
WdgMtb: ACCESS ui_pat_type_rgcmd@ui_pat_type@PATTERNHEAD is AVAILABLE (CB)
WdgMtb: ACCESS DefineRmbBtn@ui_pat_dim_menu@PATTERNHEAD is invisible (UI)
WdgMtb: ACCESS SketchRmbBtn@ui_pat_dim_menu@PATTERNHEAD is invisible (UI)
WdgMtb: ACCESS ui_pat_type_rgcmd@ui_pat_type@PATTERNHEAD is AVAILABLE (CB)
WdgMtb: ACCESS DefineRmbBtn@ui_pat_dim_menu@PATTERNHEAD is invisible (UI)
WdgMtb: ACCESS SketchRmbBtn@ui_pat_dim_menu@PATTERNHEAD is invisible (UI)
WdgMtb: ACCESS ui_pat_type_rgcmd@ui_pat_type@PATTERNHEAD is AVAILABLE (CB)
WdgMtb: ACCESS DefineRmbBtn@ui_pat_dim_menu@PATTERNHEAD is invisible (UI)
WdgMtb: ACCESS SketchRmbBtn@ui_pat_dim_menu@PATTERNHEAD is invisible (UI)
WdgMtb: ACCESS ui_pat_type_rgcmd@ui_pat_type@PATTERNHEAD is AVAILABLE (CB)
WdgMtb: ACCESS DefineRmbBtn@ui_pat_dim_menu@PATTERNHEAD is invisible (UI)
WdgMtb: ACCESS SketchRmbBtn@ui_pat_dim_menu@PATTERNHEAD is invisible (UI)
WdgMtb: ACCESS ui_pat_type_rgcmd@ui_pat_type@PATTERNHEAD is AVAILABLE (CB)
WdgMtb: ACCESS DefineRmbBtn@ui_pat_dim_menu@PATTERNHEAD is invisible (UI)
WdgMtb: ACCESS SketchRmbBtn@ui_pat_dim_menu@PATTERNHEAD is invisible (UI)
WdgMtb: ACCESS ui_pat_type_rgcmd@ui_pat_type@PATTERNHEAD is AVAILABLE (CB)
WdgMtb: ACCESS DefineRmbBtn@ui_pat_dim_menu@PATTERNHEAD is invisible (UI)
WdgMtb: ACCESS SketchRmbBtn@ui_pat_dim_menu@PATTERNHEAD is invisible (UI)
WdgMtb: ACCESS ui_pat_type_rgcmd@ui_pat_type@PATTERNHEAD is AVAILABLE (CB)
WdgMtb: ACCESS DefineRmbBtn@ui_pat_dim_menu@PATTERNHEAD is invisible (UI)
WdgMtb: ACCESS SketchRmbBtn@ui_pat_dim_menu@PATTERNHEAD is invisible (UI)
WdgMtb: ACCESS ui_pat_type_rgcmd@ui_pat_type@PATTERNHEAD is AVAILABLE (CB)
WdgMtb: ACCESS DefineRmbBtn@ui_pat_dim_menu@PATTERNHEAD is invisible (UI)
WdgMtb: ACCESS SketchRmbBtn@ui_pat_dim_menu@PATTERNHEAD is invisible (UI)
WdgMtb: ACCESS ui_pat_type_rgcmd@ui_pat_type@PATTERNHEAD is AVAILABLE (CB)
WdgMtb: ACCESS DefineRmbBtn@ui_pat_dim_menu@PATTERNHEAD is invisible (UI)
WdgMtb: ACCESS SketchRmbBtn@ui_pat_dim_menu@PATTERNHEAD is invisible (UI)
WdgMtb: ACCESS ui_pat_type_rgcmd@ui_pat_type@PATTERNHEAD is AVAILABLE (CB)
WdgMtb: ACCESS DefineRmbBtn@ui_pat_dim_menu@PATTERNHEAD is invisible (UI)
WdgMtb: ACCESS SketchRmbBtn@ui_pat_dim_menu@PATTERNHEAD is invisible (UI)
WdgMtb: ACCESS ui_pat_type_rgcmd@ui_pat_type@PATTERNHEAD is AVAILABLE (CB)
WdgMtb: ACCESS DefineRmbBtn@ui_pat_dim_menu@PATTERNHEAD is invisible (UI)
WdgMtb: ACCESS SketchRmbBtn@ui_pat_dim_menu@PATTERNHEAD is invisible (UI)
WdgMtb: ACCESS ui_pat_type_rgcmd@ui_pat_type@PATTERNHEAD is AVAILABLE (CB)
WdgMtb: ACCESS DefineRmbBtn@ui_pat_dim_menu@PATTERNHEAD is invisible (UI)
WdgMtb: ACCESS SketchRmbBtn@ui_pat_dim_menu@PATTERNHEAD is invisible (UI)
WdgMtb: ACCESS ui_pat_type_rgcmd@ui_pat_type@PATTERNHEAD is AVAILABLE (CB)
WdgMtb: ACCESS DefineRmbBtn@ui_pat_dim_menu@PATTERNHEAD is invisible (UI)
WdgMtb: ACCESS SketchRmbBtn@ui_pat_dim_menu@PATTERNHEAD is invisible (UI)
WdgMtb: ACCESS ui_pat_type_rgcmd@ui_pat_type@PATTERNHEAD is AVAILABLE (CB)
WdgMtb: ACCESS DefineRmbBtn@ui_pat_dim_menu@PATTERNHEAD is invisible (UI)
WdgMtb: ACCESS SketchRmbBtn@ui_pat_dim_menu@PATTERNHEAD is invisible (UI)
WdgMtb: ACCESS ui_pat_type_rgcmd@ui_pat_type@PATTERNHEAD is AVAILABLE (CB)
WdgMtb: ACCESS DefineRmbBtn@ui_pat_dim_menu@PATTERNHEAD is invisible (UI)
WdgMtb: ACCESS SketchRmbBtn@ui_pat_dim_menu@PATTERNHEAD is invisible (UI)
WdgMtb: ACCESS ui_pat_type_rgcmd@ui_pat_type@PATTERNHEAD is AVAILABLE (CB)
WdgMtb: ACCESS DefineRmbBtn@ui_pat_dim_menu@PATTERNHEAD is invisible (UI)
WdgMtb: ACCESS SketchRmbBtn@ui_pat_dim_menu@PATTERNHEAD is invisible (UI)
WdgMtb: ACCESS ui_pat_type_rgcmd@ui_pat_type@PATTERNHEAD is AVAILABLE (CB)
WdgMtb: ACCESS DefineRmbBtn@ui_pat_dim_menu@PATTERNHEAD is invisible (UI)
WdgMtb: ACCESS SketchRmbBtn@ui_pat_dim_menu@PATTERNHEAD is invisible (UI)
WdgMtb: ACCESS ui_pat_type_rgcmd@ui_pat_type@PATTERNHEAD is AVAILABLE (CB)
WdgMtb: ACCESS DefineRmbBtn@ui_pat_dim_menu@PATTERNHEAD is invisible (UI)
WdgMtb: ACCESS SketchRmbBtn@ui_pat_dim_menu@PATTERNHEAD is invisible (UI)
WdgMtb: ACCESS ui_pat_type_rgcmd@ui_pat_type@PATTERNHEAD is AVAILABLE (CB)
WdgMtb: ACCESS DefineRmbBtn@ui_pat_dim_menu@PATTERNHEAD is invisible (UI)
WdgMtb: ACCESS SketchRmbBtn@ui_pat_dim_menu@PATTERNHEAD is invisible (UI)
WdgMtb: ACCESS ui_pat_type_rgcmd@ui_pat_type@PATTERNHEAD is AVAILABLE (CB)
WdgMtb: ACCESS DefineRmbBtn@ui_pat_dim_menu@PATTERNHEAD is invisible (UI)
WdgMtb: ACCESS SketchRmbBtn@ui_pat_dim_menu@PATTERNHEAD is invisible (UI)
WdgMtb: ACCESS ui_pat_type_rgcmd@ui_pat_type@PATTERNHEAD is AVAILABLE (CB)
WdgMtb: ACCESS DefineRmbBtn@ui_pat_dim_menu@PATTERNHEAD is invisible (UI)
WdgMtb: ACCESS SketchRmbBtn@ui_pat_dim_menu@PATTERNHEAD is invisible (UI)
WdgMtb: ACCESS ui_pat_type_rgcmd@ui_pat_type@PATTERNHEAD is AVAILABLE (CB)
WdgMtb: ACCESS DefineRmbBtn@ui_pat_dim_menu@PATTERNHEAD is invisible (UI)
WdgMtb: ACCESS SketchRmbBtn@ui_pat_dim_menu@PATTERNHEAD is invisible (UI)
WdgMtb: ACCESS ui_pat_type_rgcmd@ui_pat_type@PATTERNHEAD is AVAILABLE (CB)
WdgMtb: ACCESS DefineRmbBtn@ui_pat_dim_menu@PATTERNHEAD is invisible (UI)
WdgMtb: ACCESS SketchRmbBtn@ui_pat_dim_menu@PATTERNHEAD is invisible (UI)
WdgMtb: ACCESS ui_pat_type_rgcmd@ui_pat_type@PATTERNHEAD is AVAILABLE (CB)
WdgMtb: ACCESS DefineRmbBtn@ui_pat_dim_menu@PATTERNHEAD is invisible (UI)
WdgMtb: ACCESS SketchRmbBtn@ui_pat_dim_menu@PATTERNHEAD is invisible (UI)
WdgMtb: ACCESS ui_pat_type_rgcmd@ui_pat_type@PATTERNHEAD is AVAILABLE (CB)
WdgMtb: ACCESS DefineRmbBtn@ui_pat_dim_menu@PATTERNHEAD is invisible (UI)
WdgMtb: ACCESS SketchRmbBtn@ui_pat_dim_menu@PATTERNHEAD is invisible (UI)
WdgMtb: ACCESS ui_pat_type_rgcmd@ui_pat_type@PATTERNHEAD is AVAILABLE (CB)
WdgMtb: ACCESS DefineRmbBtn@ui_pat_dim_menu@PATTERNHEAD is invisible (UI)
WdgMtb: ACCESS SketchRmbBtn@ui_pat_dim_menu@PATTERNHEAD is invisible (UI)
