WdgMtb: ACCESS ModeSwitch@CHAMFER is AVAILABLE (CB)
WdgMtb: ACCESS AddSet@SetPopupMenu@CHAMFER is AVAILABLE (CB)
WdgMtb: ACCESS DeleteSet@SetPopupMenu@CHAMFER is invisible (UI)
WdgMtb: ACCESS ModeSwitch@CHAMFER is AVAILABLE (CB)
WdgMtb: ACCESS AddSet@SetPopupMenu@CHAMFER is AVAILABLE (CB)
WdgMtb: ACCESS DeleteSet@SetPopupMenu@CHAMFER is invisible (UI)
WdgMtb: ACCESS ModeSwitch@CHAMFER is AVAILABLE (CB)
WdgMtb: ACCESS AddSet@SetPopupMenu@CHAMFER is AVAILABLE (CB)
WdgMtb: ACCESS DeleteSet@SetPopupMenu@CHAMFER is invisible (UI)
WdgMtb: ACCESS ModeSwitch@CHAMFER is AVAILABLE (CB)
WdgMtb: ACCESS AddSet@SetPopupMenu@CHAMFER is AVAILABLE (CB)
WdgMtb: ACCESS DeleteSet@SetPopupMenu@CHAMFER is invisible (UI)
WdgMtb: ACCESS ModeSwitch@CHAMFER is AVAILABLE (CB)
WdgMtb: ACCESS AddSet@SetPopupMenu@CHAMFER is AVAILABLE (CB)
WdgMtb: ACCESS DeleteSet@SetPopupMenu@CHAMFER is invisible (UI)
WdgMtb: ACCESS DimenSch@CHAMFER is AVAILABLE (CB)
WdgMtb: ACCESS DimenSch@CHAMFER is AVAILABLE (CB)
WdgMtb: ACCESS DimenSch@CHAMFER is AVAILABLE (CB)
WdgMtb: ACCESS DimenSch@CHAMFER is AVAILABLE (CB)
WdgMtb: ACCESS D1xD2_flip@CHAMFER is unavailable (CB)
WdgMtb: ACCESS DimenSch@CHAMFER is AVAILABLE (CB)
WdgMtb: ACCESS D1xD2_flip@CHAMFER is unavailable (CB)
WdgMtb: ACCESS DimenSch@CHAMFER is AVAILABLE (CB)
WdgMtb: ACCESS D1xD2_flip@CHAMFER is unavailable (CB)
WdgMtb: ACCESS DimenSch@CHAMFER is AVAILABLE (CB)
WdgMtb: ACCESS D1xD2_flip@CHAMFER is unavailable (CB)
WdgMtb: ACCESS shp_str_hole_to_dep_typ_omnu@HOLE is AVAILABLE (CB)
WdgMtb: ACCESS shp_str_hole_to_dep_typ_omnu@HOLE is AVAILABLE (CB)
WdgMtb: ACCESS shp_str_hole_to_dep_typ_omnu@HOLE is AVAILABLE (CB)
WdgMtb: ACCESS shp_str_hole_to_dep_typ_omnu@HOLE is AVAILABLE (CB)
WdgMtb: ACCESS shp_str_hole_to_dep_typ_omnu@HOLE is AVAILABLE (CB)
WdgMtb: ACCESS shp_str_hole_to_dep_typ_omnu@HOLE is AVAILABLE (CB)
WdgMtb: ACCESS shp_str_hole_to_dep_typ_omnu@HOLE is AVAILABLE (CB)
WdgMtb: ACCESS shp_str_hole_to_dep_typ_omnu@HOLE is AVAILABLE (CB)
WdgMtb: ACCESS shp_str_hole_to_dep_typ_omnu@HOLE is AVAILABLE (CB)
WdgMtb: ACCESS shp_str_hole_to_dep_typ_omnu@HOLE is AVAILABLE (CB)
WdgMtb: ACCESS shp_str_hole_to_dep_typ_omnu@HOLE is AVAILABLE (CB)
WdgMtb: ACCESS shp_str_hole_to_dep_typ_omnu@HOLE is AVAILABLE (CB)
WdgMtb: ACCESS shp_str_hole_to_dep_typ_omnu@HOLE is AVAILABLE (CB)
WdgMtb: ACCESS shp_str_hole_to_dep_typ_omnu@HOLE is AVAILABLE (CB)
WdgMtb: ACCESS shp_str_hole_to_dep_typ_omnu@HOLE is AVAILABLE (CB)
WdgMtb: ACCESS shp_str_hole_to_dep_typ_omnu@HOLE is AVAILABLE (CB)
WdgMtb: ACCESS shp_str_hole_to_dep_typ_omnu@HOLE is AVAILABLE (CB)
WdgMtb: ACCESS shp_str_hole_to_dep_typ_omnu@HOLE is AVAILABLE (CB)
WdgMtb: ACCESS shp_str_hole_to_dep_typ_omnu@HOLE is AVAILABLE (CB)
